2019-12-03 11:18:16 AM::
2019-12-03 11:18:16 AM::=================================================================================================
2019-12-03 11:18:16 AM::[PCB] Parker Code Builder started.                                          12/3/2019 11:18:16 AM
2019-12-03 11:18:16 AM::=================================================================================================
2019-12-03 11:18:16 AM::
2019-12-03 11:18:16 AM::
2019-12-03 11:18:16 AM:: Estimated time to complete ALL selected actions:                          [Est = 02.000 seconds]
2019-12-03 11:18:16 AM::
2019-12-03 11:18:16 AM::
2019-12-03 11:18:16 AM::*************************************************************************************************
2019-12-03 11:18:16 AM::[PCB] Pre-Build Actions started.                                            12/3/2019 11:18:16 AM
2019-12-03 11:18:16 AM::
2019-12-03 11:18:16 AM:: Action: 'Test Running a Command File'... started.                         [Est = 02.000 seconds]
2019-12-03 11:18:16 AM::
2019-12-03 11:18:16 AM::		Command = "Y:\CodeBuilder\External\Commands\test2.cmd"
2019-12-03 11:18:16 AM::		Argmnts = "PAC Phase 3 PAM" "1.5.0" "1032"
2019-12-03 11:18:16 AM::
2019-12-03 11:18:16 AM::		The following values were passed in as arguments to the command file:
2019-12-03 11:18:16 AM::		
2019-12-03 11:18:16 AM::		%1 = "PAC Phase 3 PAM" 
2019-12-03 11:18:16 AM::		%2 = "1.5.0"
2019-12-03 11:18:16 AM::		%3 = "1032"
2019-12-03 11:18:16 AM::		
2019-12-03 11:18:16 AM::		Getting 'Common Documents' folder from the registry:
2019-12-03 11:18:17 AM::		     %CommonDocs% = C:\Users\Public\Documents
2019-12-03 11:18:17 AM::		
2019-12-03 11:18:17 AM::		
2019-12-03 11:18:17 AM::		Action exited with code = 0.
2019-12-03 11:18:17 AM::
2019-12-03 11:18:17 AM::
2019-12-03 11:18:17 AM::		
2019-12-03 11:18:18 AM:: Action: 'Test Running a Command File'... finished.                        [Act = 01.613 seconds]
2019-12-03 11:18:18 AM::
2019-12-03 11:18:18 AM::
2019-12-03 11:18:18 AM::[PCB] Pre-Build Actions ended.                                              12/3/2019 11:18:18 AM
2019-12-03 11:18:18 AM::*************************************************************************************************
2019-12-03 11:18:18 AM::
2019-12-03 11:18:18 AM::
2019-12-03 11:18:18 AM::*************************************************************************************************
2019-12-03 11:18:18 AM::[PCB] Build Actions started.                                                12/3/2019 11:18:18 AM
2019-12-03 11:18:18 AM::
2019-12-03 11:18:18 AM::		*** No actions were selected ***
2019-12-03 11:18:18 AM::
2019-12-03 11:18:18 AM::[PCB] Build Actions ended.                                                  12/3/2019 11:18:18 AM
2019-12-03 11:18:18 AM::*************************************************************************************************
2019-12-03 11:18:18 AM::
2019-12-03 11:18:18 AM::
2019-12-03 11:18:18 AM::*************************************************************************************************
2019-12-03 11:18:18 AM::[PCB] Post-Build Actions started.                                           12/3/2019 11:18:18 AM
2019-12-03 11:18:18 AM::
2019-12-03 11:18:18 AM::		*** No actions were selected ***
2019-12-03 11:18:18 AM::
2019-12-03 11:18:18 AM::[PCB] Post-Build Actions ended.                                             12/3/2019 11:18:18 AM
2019-12-03 11:18:18 AM::*************************************************************************************************
2019-12-03 11:18:18 AM::
2019-12-03 11:18:18 AM::
2019-12-03 11:18:18 AM::*************************************************************************************************
2019-12-03 11:18:18 AM::[PCB] Final-Build Actions started.                                          12/3/2019 11:18:18 AM
2019-12-03 11:18:18 AM::
2019-12-03 11:18:18 AM::		*** No actions were selected ***
2019-12-03 11:18:18 AM::
2019-12-03 11:18:18 AM::[PCB] Final-Build Actions ended.                                            12/3/2019 11:18:18 AM
2019-12-03 11:18:18 AM::*************************************************************************************************
2019-12-03 11:18:18 AM::
2019-12-03 11:18:18 AM::
2019-12-03 11:18:18 AM:: Actual time to complete ALL selected actions:                             [Act = 01.698 seconds]
2019-12-03 11:18:18 AM::
2019-12-03 11:18:18 AM::
2019-12-03 11:18:18 AM::=================================================================================================
2019-12-03 11:18:18 AM::[PCB] Parker Code Builder ended.                                            12/3/2019 11:18:18 AM
2019-12-03 11:18:18 AM::=================================================================================================
2019-12-03 11:18:18 AM::
